WARNING: fastp uses up to 16 threads although you specified 40
Read1 before filtering:
total reads: 22003473
total bases: 3300520950
Q20 bases: 2933833832(88.89%)
Q30 bases: 2354324401(71.3319%)

Read2 before filtering:
total reads: 22003473
total bases: 3300520950
Q20 bases: 3241217055(98.2032%)
Q30 bases: 3149194798(95.4151%)

Merged and filtered:
total reads: 16412799
total bases: 457494453
Q20 bases: 455372826(99.5363%)
Q30 bases: 433624694(94.7825%)

Filtering result:
reads passed filter: 36437040
reads failed due to low quality: 254354
reads failed due to too many N: 486
reads failed due to too short: 2065742
reads failed due to too long: 5249324
reads with adapter trimmed: 37707670
bases trimmed due to adapters: 2314954704
reads corrected by overlap analysis: 880632
bases corrected by overlap analysis: 976502

Duplication rate: 17.4303%

Insert size peak (evaluated by paired-end reads): 30

Read pairs merged: 16412799
% of original read pairs: 74.5919%
% in reads after filtering: 100%


JSON report: /home/shared/8TB_HDD_01/sam/gitrepos/RobertsLab/project-clam-oa/output/01.00-trimming-fastp-fastqc/196-fastp-adapters-polyG-31bp-merged.json
HTML report: /home/shared/8TB_HDD_01/sam/gitrepos/RobertsLab/project-clam-oa/output/01.00-trimming-fastp-fastqc/196-fastp-adapters-polyG-31bp-merged.html

/home/shared/fastp-v0.24.0/fastp --in1 196_R1_001.fastq.gz --in2 196_R2_001.fastq.gz --adapter_fasta /home/shared/8TB_HDD_01/sam/gitrepos/RobertsLab/project-clam-oa/output/01.00-trimming-fastp-fastqc/NEB-adapters.fasta --trim_poly_g --overlap_len_require 17 --length_limit 31 --merge --merged_out /home/shared/8TB_HDD_01/sam/gitrepos/RobertsLab/project-clam-oa/output/01.00-trimming-fastp-fastqc/196-fastp-adapters-polyG-31bp-merged.fq.gz --thread 40 --html /home/shared/8TB_HDD_01/sam/gitrepos/RobertsLab/project-clam-oa/output/01.00-trimming-fastp-fastqc/196-fastp-adapters-polyG-31bp-merged.html --json /home/shared/8TB_HDD_01/sam/gitrepos/RobertsLab/project-clam-oa/output/01.00-trimming-fastp-fastqc/196-fastp-adapters-polyG-31bp-merged.json --report_title /home/shared/8TB_HDD_01/sam/gitrepos/RobertsLab/project-clam-oa/output/01.00-trimming-fastp-fastqc/196-fastp-adapters-polyG-31bp-merged 
fastp v0.24.0, time used: 37 seconds
