WARNING: fastp uses up to 16 threads although you specified 40
Read1 before filtering:
total reads: 16783759
total bases: 2517563850
Q20 bases: 2205439957(87.6021%)
Q30 bases: 1749658144(69.4981%)

Read2 before filtering:
total reads: 16783759
total bases: 2517563850
Q20 bases: 2473351617(98.2438%)
Q30 bases: 2399142443(95.2962%)

Merged and filtered:
total reads: 13501036
total bases: 384021119
Q20 bases: 382318059(99.5565%)
Q30 bases: 360853571(93.9671%)

Filtering result:
reads passed filter: 29106240
reads failed due to low quality: 187674
reads failed due to too many N: 448
reads failed due to too short: 1254668
reads failed due to too long: 3018488
reads with adapter trimmed: 29699214
bases trimmed due to adapters: 1830578661
reads corrected by overlap analysis: 731122
bases corrected by overlap analysis: 805290

Duplication rate: 10.759%

Insert size peak (evaluated by paired-end reads): 30

Read pairs merged: 13501036
% of original read pairs: 80.4411%
% in reads after filtering: 100%


JSON report: /home/shared/8TB_HDD_01/sam/gitrepos/RobertsLab/project-clam-oa/output/01.00-trimming-fastp-fastqc/199-fastp-adapters-polyG-31bp-merged.json
HTML report: /home/shared/8TB_HDD_01/sam/gitrepos/RobertsLab/project-clam-oa/output/01.00-trimming-fastp-fastqc/199-fastp-adapters-polyG-31bp-merged.html

/home/shared/fastp-v0.24.0/fastp --in1 199_R1_001.fastq.gz --in2 199_R2_001.fastq.gz --adapter_fasta /home/shared/8TB_HDD_01/sam/gitrepos/RobertsLab/project-clam-oa/output/01.00-trimming-fastp-fastqc/NEB-adapters.fasta --trim_poly_g --overlap_len_require 17 --length_limit 31 --merge --merged_out /home/shared/8TB_HDD_01/sam/gitrepos/RobertsLab/project-clam-oa/output/01.00-trimming-fastp-fastqc/199-fastp-adapters-polyG-31bp-merged.fq.gz --thread 40 --html /home/shared/8TB_HDD_01/sam/gitrepos/RobertsLab/project-clam-oa/output/01.00-trimming-fastp-fastqc/199-fastp-adapters-polyG-31bp-merged.html --json /home/shared/8TB_HDD_01/sam/gitrepos/RobertsLab/project-clam-oa/output/01.00-trimming-fastp-fastqc/199-fastp-adapters-polyG-31bp-merged.json --report_title /home/shared/8TB_HDD_01/sam/gitrepos/RobertsLab/project-clam-oa/output/01.00-trimming-fastp-fastqc/199-fastp-adapters-polyG-31bp-merged 
fastp v0.24.0, time used: 30 seconds
