WARNING: fastp uses up to 16 threads although you specified 40
Read1 before filtering:
total reads: 17846428
total bases: 2676964200
Q20 bases: 2331852255(87.1081%)
Q30 bases: 1856465463(69.3497%)

Read2 before filtering:
total reads: 17846428
total bases: 2676964200
Q20 bases: 2629634554(98.232%)
Q30 bases: 2555645134(95.468%)

Merged and filtered:
total reads: 14331615
total bases: 406429704
Q20 bases: 404672924(99.5678%)
Q30 bases: 383372855(94.327%)

Filtering result:
reads passed filter: 30837914
reads failed due to low quality: 204986
reads failed due to too many N: 466
reads failed due to too short: 1357224
reads failed due to too long: 3292266
reads with adapter trimmed: 31665916
bases trimmed due to adapters: 1955415459
reads corrected by overlap analysis: 743885
bases corrected by overlap analysis: 820833

Duplication rate: 6.73236%

Insert size peak (evaluated by paired-end reads): 30

Read pairs merged: 14331615
% of original read pairs: 80.3052%
% in reads after filtering: 100%


JSON report: /home/shared/8TB_HDD_01/sam/gitrepos/RobertsLab/project-clam-oa/output/01.00-trimming-fastp-fastqc/211-fastp-adapters-polyG-31bp-merged.json
HTML report: /home/shared/8TB_HDD_01/sam/gitrepos/RobertsLab/project-clam-oa/output/01.00-trimming-fastp-fastqc/211-fastp-adapters-polyG-31bp-merged.html

/home/shared/fastp-v0.24.0/fastp --in1 211_R1_001.fastq.gz --in2 211_R2_001.fastq.gz --adapter_fasta /home/shared/8TB_HDD_01/sam/gitrepos/RobertsLab/project-clam-oa/output/01.00-trimming-fastp-fastqc/NEB-adapters.fasta --trim_poly_g --overlap_len_require 17 --length_limit 31 --merge --merged_out /home/shared/8TB_HDD_01/sam/gitrepos/RobertsLab/project-clam-oa/output/01.00-trimming-fastp-fastqc/211-fastp-adapters-polyG-31bp-merged.fq.gz --thread 40 --html /home/shared/8TB_HDD_01/sam/gitrepos/RobertsLab/project-clam-oa/output/01.00-trimming-fastp-fastqc/211-fastp-adapters-polyG-31bp-merged.html --json /home/shared/8TB_HDD_01/sam/gitrepos/RobertsLab/project-clam-oa/output/01.00-trimming-fastp-fastqc/211-fastp-adapters-polyG-31bp-merged.json --report_title /home/shared/8TB_HDD_01/sam/gitrepos/RobertsLab/project-clam-oa/output/01.00-trimming-fastp-fastqc/211-fastp-adapters-polyG-31bp-merged 
fastp v0.24.0, time used: 32 seconds
