WARNING: fastp uses up to 16 threads although you specified 40
Read1 before filtering:
total reads: 19061228
total bases: 2859184200
Q20 bases: 2594768045(90.752%)
Q30 bases: 2171021265(75.9315%)

Read2 before filtering:
total reads: 19061228
total bases: 2859184200
Q20 bases: 2809393673(98.2586%)
Q30 bases: 2730851484(95.5116%)

Merged and filtered:
total reads: 15464670
total bases: 437353102
Q20 bases: 433704381(99.1657%)
Q30 bases: 412279389(94.2669%)

Filtering result:
reads passed filter: 33234134
reads failed due to low quality: 206804
reads failed due to too many N: 480
reads failed due to too short: 1460412
reads failed due to too long: 3220626
reads with adapter trimmed: 33796354
bases trimmed due to adapters: 2001083384
reads corrected by overlap analysis: 902024
bases corrected by overlap analysis: 983228

Duplication rate: 26.5439%

Insert size peak (evaluated by paired-end reads): 30

Read pairs merged: 15464670
% of original read pairs: 81.1316%
% in reads after filtering: 100%


JSON report: /home/shared/8TB_HDD_01/sam/gitrepos/RobertsLab/project-clam-oa/output/01.00-trimming-fastp-fastqc/24-fastp-adapters-polyG-31bp-merged.json
HTML report: /home/shared/8TB_HDD_01/sam/gitrepos/RobertsLab/project-clam-oa/output/01.00-trimming-fastp-fastqc/24-fastp-adapters-polyG-31bp-merged.html

/home/shared/fastp-v0.24.0/fastp --in1 24_R1_001.fastq.gz --in2 24_R2_001.fastq.gz --adapter_fasta /home/shared/8TB_HDD_01/sam/gitrepos/RobertsLab/project-clam-oa/output/01.00-trimming-fastp-fastqc/NEB-adapters.fasta --trim_poly_g --overlap_len_require 17 --length_limit 31 --merge --merged_out /home/shared/8TB_HDD_01/sam/gitrepos/RobertsLab/project-clam-oa/output/01.00-trimming-fastp-fastqc/24-fastp-adapters-polyG-31bp-merged.fq.gz --thread 40 --html /home/shared/8TB_HDD_01/sam/gitrepos/RobertsLab/project-clam-oa/output/01.00-trimming-fastp-fastqc/24-fastp-adapters-polyG-31bp-merged.html --json /home/shared/8TB_HDD_01/sam/gitrepos/RobertsLab/project-clam-oa/output/01.00-trimming-fastp-fastqc/24-fastp-adapters-polyG-31bp-merged.json --report_title /home/shared/8TB_HDD_01/sam/gitrepos/RobertsLab/project-clam-oa/output/01.00-trimming-fastp-fastqc/24-fastp-adapters-polyG-31bp-merged 
fastp v0.24.0, time used: 30 seconds
