WARNING: fastp uses up to 16 threads although you specified 40
Read1 before filtering:
total reads: 17972540
total bases: 2695881000
Q20 bases: 2344417368(86.9629%)
Q30 bases: 1867955906(69.2893%)

Read2 before filtering:
total reads: 17972540
total bases: 2695881000
Q20 bases: 2650536929(98.318%)
Q30 bases: 2573824409(95.4725%)

Merged and filtered:
total reads: 14609475
total bases: 417033515
Q20 bases: 415218272(99.5647%)
Q30 bases: 391923007(93.9788%)

Filtering result:
reads passed filter: 31132414
reads failed due to low quality: 204790
reads failed due to too many N: 468
reads failed due to too short: 1733274
reads failed due to too long: 2874134
reads with adapter trimmed: 31684306
bases trimmed due to adapters: 1980067594
reads corrected by overlap analysis: 725960
bases corrected by overlap analysis: 829708

Duplication rate: 8.47433%

Insert size peak (evaluated by paired-end reads): 30

Read pairs merged: 14609475
% of original read pairs: 81.2878%
% in reads after filtering: 100%


JSON report: /home/shared/8TB_HDD_01/sam/gitrepos/RobertsLab/project-clam-oa/output/01.00-trimming-fastp-fastqc/26-fastp-adapters-polyG-31bp-merged.json
HTML report: /home/shared/8TB_HDD_01/sam/gitrepos/RobertsLab/project-clam-oa/output/01.00-trimming-fastp-fastqc/26-fastp-adapters-polyG-31bp-merged.html

/home/shared/fastp-v0.24.0/fastp --in1 26_R1_001.fastq.gz --in2 26_R2_001.fastq.gz --adapter_fasta /home/shared/8TB_HDD_01/sam/gitrepos/RobertsLab/project-clam-oa/output/01.00-trimming-fastp-fastqc/NEB-adapters.fasta --trim_poly_g --overlap_len_require 17 --length_limit 31 --merge --merged_out /home/shared/8TB_HDD_01/sam/gitrepos/RobertsLab/project-clam-oa/output/01.00-trimming-fastp-fastqc/26-fastp-adapters-polyG-31bp-merged.fq.gz --thread 40 --html /home/shared/8TB_HDD_01/sam/gitrepos/RobertsLab/project-clam-oa/output/01.00-trimming-fastp-fastqc/26-fastp-adapters-polyG-31bp-merged.html --json /home/shared/8TB_HDD_01/sam/gitrepos/RobertsLab/project-clam-oa/output/01.00-trimming-fastp-fastqc/26-fastp-adapters-polyG-31bp-merged.json --report_title /home/shared/8TB_HDD_01/sam/gitrepos/RobertsLab/project-clam-oa/output/01.00-trimming-fastp-fastqc/26-fastp-adapters-polyG-31bp-merged 
fastp v0.24.0, time used: 33 seconds
