WARNING: fastp uses up to 16 threads although you specified 40
Read1 before filtering:
total reads: 19282887
total bases: 2892433050
Q20 bases: 2581946869(89.2656%)
Q30 bases: 2077765781(71.8345%)

Read2 before filtering:
total reads: 19282887
total bases: 2892433050
Q20 bases: 2842851362(98.2858%)
Q30 bases: 2758618439(95.3736%)

Merged and filtered:
total reads: 15809273
total bases: 448406683
Q20 bases: 446488049(99.5721%)
Q30 bases: 422488490(94.2199%)

Filtering result:
reads passed filter: 33759076
reads failed due to low quality: 205176
reads failed due to too many N: 532
reads failed due to too short: 1687420
reads failed due to too long: 2913570
reads with adapter trimmed: 34149432
bases trimmed due to adapters: 2103941083
reads corrected by overlap analysis: 845646
bases corrected by overlap analysis: 937220

Duplication rate: 19.6348%

Insert size peak (evaluated by paired-end reads): 30

Read pairs merged: 15809273
% of original read pairs: 81.986%
% in reads after filtering: 100%


JSON report: /home/shared/8TB_HDD_01/sam/gitrepos/RobertsLab/project-clam-oa/output/01.00-trimming-fastp-fastqc/260-fastp-adapters-polyG-31bp-merged.json
HTML report: /home/shared/8TB_HDD_01/sam/gitrepos/RobertsLab/project-clam-oa/output/01.00-trimming-fastp-fastqc/260-fastp-adapters-polyG-31bp-merged.html

/home/shared/fastp-v0.24.0/fastp --in1 260_R1_001.fastq.gz --in2 260_R2_001.fastq.gz --adapter_fasta /home/shared/8TB_HDD_01/sam/gitrepos/RobertsLab/project-clam-oa/output/01.00-trimming-fastp-fastqc/NEB-adapters.fasta --trim_poly_g --overlap_len_require 17 --length_limit 31 --merge --merged_out /home/shared/8TB_HDD_01/sam/gitrepos/RobertsLab/project-clam-oa/output/01.00-trimming-fastp-fastqc/260-fastp-adapters-polyG-31bp-merged.fq.gz --thread 40 --html /home/shared/8TB_HDD_01/sam/gitrepos/RobertsLab/project-clam-oa/output/01.00-trimming-fastp-fastqc/260-fastp-adapters-polyG-31bp-merged.html --json /home/shared/8TB_HDD_01/sam/gitrepos/RobertsLab/project-clam-oa/output/01.00-trimming-fastp-fastqc/260-fastp-adapters-polyG-31bp-merged.json --report_title /home/shared/8TB_HDD_01/sam/gitrepos/RobertsLab/project-clam-oa/output/01.00-trimming-fastp-fastqc/260-fastp-adapters-polyG-31bp-merged 
fastp v0.24.0, time used: 32 seconds
