WARNING: fastp uses up to 16 threads although you specified 40
Read1 before filtering:
total reads: 19810124
total bases: 2971518600
Q20 bases: 2628592049(88.4596%)
Q30 bases: 2115822283(71.2034%)

Read2 before filtering:
total reads: 19810124
total bases: 2971518600
Q20 bases: 2918527621(98.2167%)
Q30 bases: 2833779184(95.3647%)

Merged and filtered:
total reads: 16076861
total bases: 459522067
Q20 bases: 457459241(99.5511%)
Q30 bases: 434650553(94.5875%)

Filtering result:
reads passed filter: 33900766
reads failed due to low quality: 229696
reads failed due to too many N: 498
reads failed due to too short: 1829774
reads failed due to too long: 3659514
reads with adapter trimmed: 35348098
bases trimmed due to adapters: 2162456546
reads corrected by overlap analysis: 968478
bases corrected by overlap analysis: 1074081

Duplication rate: 13.9887%

Insert size peak (evaluated by paired-end reads): 30

Read pairs merged: 16076861
% of original read pairs: 81.1548%
% in reads after filtering: 100%


JSON report: /home/shared/8TB_HDD_01/sam/gitrepos/RobertsLab/project-clam-oa/output/01.00-trimming-fastp-fastqc/30-fastp-adapters-polyG-31bp-merged.json
HTML report: /home/shared/8TB_HDD_01/sam/gitrepos/RobertsLab/project-clam-oa/output/01.00-trimming-fastp-fastqc/30-fastp-adapters-polyG-31bp-merged.html

/home/shared/fastp-v0.24.0/fastp --in1 30_R1_001.fastq.gz --in2 30_R2_001.fastq.gz --adapter_fasta /home/shared/8TB_HDD_01/sam/gitrepos/RobertsLab/project-clam-oa/output/01.00-trimming-fastp-fastqc/NEB-adapters.fasta --trim_poly_g --overlap_len_require 17 --length_limit 31 --merge --merged_out /home/shared/8TB_HDD_01/sam/gitrepos/RobertsLab/project-clam-oa/output/01.00-trimming-fastp-fastqc/30-fastp-adapters-polyG-31bp-merged.fq.gz --thread 40 --html /home/shared/8TB_HDD_01/sam/gitrepos/RobertsLab/project-clam-oa/output/01.00-trimming-fastp-fastqc/30-fastp-adapters-polyG-31bp-merged.html --json /home/shared/8TB_HDD_01/sam/gitrepos/RobertsLab/project-clam-oa/output/01.00-trimming-fastp-fastqc/30-fastp-adapters-polyG-31bp-merged.json --report_title /home/shared/8TB_HDD_01/sam/gitrepos/RobertsLab/project-clam-oa/output/01.00-trimming-fastp-fastqc/30-fastp-adapters-polyG-31bp-merged 
fastp v0.24.0, time used: 33 seconds
