WARNING: fastp uses up to 16 threads although you specified 40
Read1 before filtering:
total reads: 19737649
total bases: 2960647350
Q20 bases: 2674637042(90.3396%)
Q30 bases: 2222213265(75.0584%)

Read2 before filtering:
total reads: 19737649
total bases: 2960647350
Q20 bases: 2906937391(98.1859%)
Q30 bases: 2823592427(95.3708%)

Merged and filtered:
total reads: 15957669
total bases: 453389315
Q20 bases: 451216953(99.5209%)
Q30 bases: 430525036(94.957%)

Filtering result:
reads passed filter: 34293388
reads failed due to low quality: 250482
reads failed due to too many N: 432
reads failed due to too short: 1733650
reads failed due to too long: 3197346
reads with adapter trimmed: 34648740
bases trimmed due to adapters: 2078900820
reads corrected by overlap analysis: 820988
bases corrected by overlap analysis: 920506

Duplication rate: 24.6358%

Insert size peak (evaluated by paired-end reads): 30

Read pairs merged: 15957669
% of original read pairs: 80.8489%
% in reads after filtering: 100%


JSON report: /home/shared/8TB_HDD_01/sam/gitrepos/RobertsLab/project-clam-oa/output/01.00-trimming-fastp-fastqc/310-fastp-adapters-polyG-31bp-merged.json
HTML report: /home/shared/8TB_HDD_01/sam/gitrepos/RobertsLab/project-clam-oa/output/01.00-trimming-fastp-fastqc/310-fastp-adapters-polyG-31bp-merged.html

/home/shared/fastp-v0.24.0/fastp --in1 310_R1_001.fastq.gz --in2 310_R2_001.fastq.gz --adapter_fasta /home/shared/8TB_HDD_01/sam/gitrepos/RobertsLab/project-clam-oa/output/01.00-trimming-fastp-fastqc/NEB-adapters.fasta --trim_poly_g --overlap_len_require 17 --length_limit 31 --merge --merged_out /home/shared/8TB_HDD_01/sam/gitrepos/RobertsLab/project-clam-oa/output/01.00-trimming-fastp-fastqc/310-fastp-adapters-polyG-31bp-merged.fq.gz --thread 40 --html /home/shared/8TB_HDD_01/sam/gitrepos/RobertsLab/project-clam-oa/output/01.00-trimming-fastp-fastqc/310-fastp-adapters-polyG-31bp-merged.html --json /home/shared/8TB_HDD_01/sam/gitrepos/RobertsLab/project-clam-oa/output/01.00-trimming-fastp-fastqc/310-fastp-adapters-polyG-31bp-merged.json --report_title /home/shared/8TB_HDD_01/sam/gitrepos/RobertsLab/project-clam-oa/output/01.00-trimming-fastp-fastqc/310-fastp-adapters-polyG-31bp-merged 
fastp v0.24.0, time used: 31 seconds
