WARNING: fastp uses up to 16 threads although you specified 40
Read1 before filtering:
total reads: 22627992
total bases: 3394198800
Q20 bases: 3061770959(90.206%)
Q30 bases: 2497359058(73.5773%)

Read2 before filtering:
total reads: 22627992
total bases: 3394198800
Q20 bases: 3337006727(98.315%)
Q30 bases: 3239831935(95.452%)

Merged and filtered:
total reads: 18959533
total bases: 543384903
Q20 bases: 540954909(99.5528%)
Q30 bases: 513666001(94.5308%)

Filtering result:
reads passed filter: 40187470
reads failed due to low quality: 221458
reads failed due to too many N: 642
reads failed due to too short: 1684438
reads failed due to too long: 3161976
reads with adapter trimmed: 40720016
bases trimmed due to adapters: 2491577472
reads corrected by overlap analysis: 909347
bases corrected by overlap analysis: 1009192

Duplication rate: 23.9155%

Insert size peak (evaluated by paired-end reads): 30

Read pairs merged: 18959533
% of original read pairs: 83.788%
% in reads after filtering: 100%


JSON report: /home/shared/8TB_HDD_01/sam/gitrepos/RobertsLab/project-clam-oa/output/01.00-trimming-fastp-fastqc/34-fastp-adapters-polyG-31bp-merged.json
HTML report: /home/shared/8TB_HDD_01/sam/gitrepos/RobertsLab/project-clam-oa/output/01.00-trimming-fastp-fastqc/34-fastp-adapters-polyG-31bp-merged.html

/home/shared/fastp-v0.24.0/fastp --in1 34_R1_001.fastq.gz --in2 34_R2_001.fastq.gz --adapter_fasta /home/shared/8TB_HDD_01/sam/gitrepos/RobertsLab/project-clam-oa/output/01.00-trimming-fastp-fastqc/NEB-adapters.fasta --trim_poly_g --overlap_len_require 17 --length_limit 31 --merge --merged_out /home/shared/8TB_HDD_01/sam/gitrepos/RobertsLab/project-clam-oa/output/01.00-trimming-fastp-fastqc/34-fastp-adapters-polyG-31bp-merged.fq.gz --thread 40 --html /home/shared/8TB_HDD_01/sam/gitrepos/RobertsLab/project-clam-oa/output/01.00-trimming-fastp-fastqc/34-fastp-adapters-polyG-31bp-merged.html --json /home/shared/8TB_HDD_01/sam/gitrepos/RobertsLab/project-clam-oa/output/01.00-trimming-fastp-fastqc/34-fastp-adapters-polyG-31bp-merged.json --report_title /home/shared/8TB_HDD_01/sam/gitrepos/RobertsLab/project-clam-oa/output/01.00-trimming-fastp-fastqc/34-fastp-adapters-polyG-31bp-merged 
fastp v0.24.0, time used: 36 seconds
