WARNING: fastp uses up to 16 threads although you specified 40
Read1 before filtering:
total reads: 19715666
total bases: 2957349900
Q20 bases: 2597477457(87.8313%)
Q30 bases: 2069037653(69.9626%)

Read2 before filtering:
total reads: 19715666
total bases: 2957349900
Q20 bases: 2903301703(98.1724%)
Q30 bases: 2818646348(95.3099%)

Merged and filtered:
total reads: 15703739
total bases: 446981565
Q20 bases: 444907698(99.536%)
Q30 bases: 423106914(94.6587%)

Filtering result:
reads passed filter: 34213396
reads failed due to low quality: 261562
reads failed due to too many N: 480
reads failed due to too short: 1686138
reads failed due to too long: 3269756
reads with adapter trimmed: 34169904
bases trimmed due to adapters: 2105139480
reads corrected by overlap analysis: 779473
bases corrected by overlap analysis: 854197

Duplication rate: 13.2122%

Insert size peak (evaluated by paired-end reads): 30

Read pairs merged: 15703739
% of original read pairs: 79.6511%
% in reads after filtering: 100%


JSON report: /home/shared/8TB_HDD_01/sam/gitrepos/RobertsLab/project-clam-oa/output/01.00-trimming-fastp-fastqc/341-fastp-adapters-polyG-31bp-merged.json
HTML report: /home/shared/8TB_HDD_01/sam/gitrepos/RobertsLab/project-clam-oa/output/01.00-trimming-fastp-fastqc/341-fastp-adapters-polyG-31bp-merged.html

/home/shared/fastp-v0.24.0/fastp --in1 341_R1_001.fastq.gz --in2 341_R2_001.fastq.gz --adapter_fasta /home/shared/8TB_HDD_01/sam/gitrepos/RobertsLab/project-clam-oa/output/01.00-trimming-fastp-fastqc/NEB-adapters.fasta --trim_poly_g --overlap_len_require 17 --length_limit 31 --merge --merged_out /home/shared/8TB_HDD_01/sam/gitrepos/RobertsLab/project-clam-oa/output/01.00-trimming-fastp-fastqc/341-fastp-adapters-polyG-31bp-merged.fq.gz --thread 40 --html /home/shared/8TB_HDD_01/sam/gitrepos/RobertsLab/project-clam-oa/output/01.00-trimming-fastp-fastqc/341-fastp-adapters-polyG-31bp-merged.html --json /home/shared/8TB_HDD_01/sam/gitrepos/RobertsLab/project-clam-oa/output/01.00-trimming-fastp-fastqc/341-fastp-adapters-polyG-31bp-merged.json --report_title /home/shared/8TB_HDD_01/sam/gitrepos/RobertsLab/project-clam-oa/output/01.00-trimming-fastp-fastqc/341-fastp-adapters-polyG-31bp-merged 
fastp v0.24.0, time used: 34 seconds
