WARNING: fastp uses up to 16 threads although you specified 40
Read1 before filtering:
total reads: 17663366
total bases: 2649504900
Q20 bases: 2309402229(87.1635%)
Q30 bases: 1829540902(69.0522%)

Read2 before filtering:
total reads: 17663366
total bases: 2649504900
Q20 bases: 2603166938(98.2511%)
Q30 bases: 2531350652(95.5405%)

Merged and filtered:
total reads: 14222001
total bases: 405761366
Q20 bases: 404065035(99.5819%)
Q30 bases: 380321687(93.7304%)

Filtering result:
reads passed filter: 30474378
reads failed due to low quality: 218932
reads failed due to too many N: 470
reads failed due to too short: 1500206
reads failed due to too long: 3132746
reads with adapter trimmed: 31245724
bases trimmed due to adapters: 1936388928
reads corrected by overlap analysis: 667199
bases corrected by overlap analysis: 732693

Duplication rate: 8.56496%

Insert size peak (evaluated by paired-end reads): 30

Read pairs merged: 14222001
% of original read pairs: 80.5169%
% in reads after filtering: 100%


JSON report: /home/shared/8TB_HDD_01/sam/gitrepos/RobertsLab/project-clam-oa/output/01.00-trimming-fastp-fastqc/35-fastp-adapters-polyG-31bp-merged.json
HTML report: /home/shared/8TB_HDD_01/sam/gitrepos/RobertsLab/project-clam-oa/output/01.00-trimming-fastp-fastqc/35-fastp-adapters-polyG-31bp-merged.html

/home/shared/fastp-v0.24.0/fastp --in1 35_R1_001.fastq.gz --in2 35_R2_001.fastq.gz --adapter_fasta /home/shared/8TB_HDD_01/sam/gitrepos/RobertsLab/project-clam-oa/output/01.00-trimming-fastp-fastqc/NEB-adapters.fasta --trim_poly_g --overlap_len_require 17 --length_limit 31 --merge --merged_out /home/shared/8TB_HDD_01/sam/gitrepos/RobertsLab/project-clam-oa/output/01.00-trimming-fastp-fastqc/35-fastp-adapters-polyG-31bp-merged.fq.gz --thread 40 --html /home/shared/8TB_HDD_01/sam/gitrepos/RobertsLab/project-clam-oa/output/01.00-trimming-fastp-fastqc/35-fastp-adapters-polyG-31bp-merged.html --json /home/shared/8TB_HDD_01/sam/gitrepos/RobertsLab/project-clam-oa/output/01.00-trimming-fastp-fastqc/35-fastp-adapters-polyG-31bp-merged.json --report_title /home/shared/8TB_HDD_01/sam/gitrepos/RobertsLab/project-clam-oa/output/01.00-trimming-fastp-fastqc/35-fastp-adapters-polyG-31bp-merged 
fastp v0.24.0, time used: 32 seconds
