WARNING: fastp uses up to 16 threads although you specified 40
Read1 before filtering:
total reads: 20926097
total bases: 3138914550
Q20 bases: 2806726806(89.4171%)
Q30 bases: 2273822570(72.4398%)

Read2 before filtering:
total reads: 20926097
total bases: 3138914550
Q20 bases: 3082714450(98.2096%)
Q30 bases: 2990780356(95.2807%)

Merged and filtered:
total reads: 17268502
total bases: 492890871
Q20 bases: 490601575(99.5355%)
Q30 bases: 466248288(94.5946%)

Filtering result:
reads passed filter: 36803720
reads failed due to low quality: 257842
reads failed due to too many N: 532
reads failed due to too short: 1798834
reads failed due to too long: 2991266
reads with adapter trimmed: 37053270
bases trimmed due to adapters: 2279722951
reads corrected by overlap analysis: 874934
bases corrected by overlap analysis: 979962

Duplication rate: 20.9205%

Insert size peak (evaluated by paired-end reads): 30

Read pairs merged: 17268502
% of original read pairs: 82.5214%
% in reads after filtering: 100%


JSON report: /home/shared/8TB_HDD_01/sam/gitrepos/RobertsLab/project-clam-oa/output/01.00-trimming-fastp-fastqc/363-fastp-adapters-polyG-31bp-merged.json
HTML report: /home/shared/8TB_HDD_01/sam/gitrepos/RobertsLab/project-clam-oa/output/01.00-trimming-fastp-fastqc/363-fastp-adapters-polyG-31bp-merged.html

/home/shared/fastp-v0.24.0/fastp --in1 363_R1_001.fastq.gz --in2 363_R2_001.fastq.gz --adapter_fasta /home/shared/8TB_HDD_01/sam/gitrepos/RobertsLab/project-clam-oa/output/01.00-trimming-fastp-fastqc/NEB-adapters.fasta --trim_poly_g --overlap_len_require 17 --length_limit 31 --merge --merged_out /home/shared/8TB_HDD_01/sam/gitrepos/RobertsLab/project-clam-oa/output/01.00-trimming-fastp-fastqc/363-fastp-adapters-polyG-31bp-merged.fq.gz --thread 40 --html /home/shared/8TB_HDD_01/sam/gitrepos/RobertsLab/project-clam-oa/output/01.00-trimming-fastp-fastqc/363-fastp-adapters-polyG-31bp-merged.html --json /home/shared/8TB_HDD_01/sam/gitrepos/RobertsLab/project-clam-oa/output/01.00-trimming-fastp-fastqc/363-fastp-adapters-polyG-31bp-merged.json --report_title /home/shared/8TB_HDD_01/sam/gitrepos/RobertsLab/project-clam-oa/output/01.00-trimming-fastp-fastqc/363-fastp-adapters-polyG-31bp-merged 
fastp v0.24.0, time used: 35 seconds
