WARNING: fastp uses up to 16 threads although you specified 40
Read1 before filtering:
total reads: 19352690
total bases: 2902903500
Q20 bases: 2541942417(87.5655%)
Q30 bases: 2016946475(69.4803%)

Read2 before filtering:
total reads: 19352690
total bases: 2902903500
Q20 bases: 2850837243(98.2064%)
Q30 bases: 2770923694(95.4535%)

Merged and filtered:
total reads: 15680714
total bases: 445353600
Q20 bases: 443335723(99.5469%)
Q30 bases: 422129270(94.7852%)

Filtering result:
reads passed filter: 33658002
reads failed due to low quality: 257694
reads failed due to too many N: 454
reads failed due to too short: 1851852
reads failed due to too long: 2937378
reads with adapter trimmed: 33780084
bases trimmed due to adapters: 2072852172
reads corrected by overlap analysis: 729726
bases corrected by overlap analysis: 803850

Duplication rate: 10.4951%

Insert size peak (evaluated by paired-end reads): 30

Read pairs merged: 15680714
% of original read pairs: 81.026%
% in reads after filtering: 100%


JSON report: /home/shared/8TB_HDD_01/sam/gitrepos/RobertsLab/project-clam-oa/output/01.00-trimming-fastp-fastqc/367-fastp-adapters-polyG-31bp-merged.json
HTML report: /home/shared/8TB_HDD_01/sam/gitrepos/RobertsLab/project-clam-oa/output/01.00-trimming-fastp-fastqc/367-fastp-adapters-polyG-31bp-merged.html

/home/shared/fastp-v0.24.0/fastp --in1 367_R1_001.fastq.gz --in2 367_R2_001.fastq.gz --adapter_fasta /home/shared/8TB_HDD_01/sam/gitrepos/RobertsLab/project-clam-oa/output/01.00-trimming-fastp-fastqc/NEB-adapters.fasta --trim_poly_g --overlap_len_require 17 --length_limit 31 --merge --merged_out /home/shared/8TB_HDD_01/sam/gitrepos/RobertsLab/project-clam-oa/output/01.00-trimming-fastp-fastqc/367-fastp-adapters-polyG-31bp-merged.fq.gz --thread 40 --html /home/shared/8TB_HDD_01/sam/gitrepos/RobertsLab/project-clam-oa/output/01.00-trimming-fastp-fastqc/367-fastp-adapters-polyG-31bp-merged.html --json /home/shared/8TB_HDD_01/sam/gitrepos/RobertsLab/project-clam-oa/output/01.00-trimming-fastp-fastqc/367-fastp-adapters-polyG-31bp-merged.json --report_title /home/shared/8TB_HDD_01/sam/gitrepos/RobertsLab/project-clam-oa/output/01.00-trimming-fastp-fastqc/367-fastp-adapters-polyG-31bp-merged 
fastp v0.24.0, time used: 35 seconds
