WARNING: fastp uses up to 16 threads although you specified 40
Read1 before filtering:
total reads: 36539657
total bases: 5480948550
Q20 bases: 4901601563(89.4298%)
Q30 bases: 3924454502(71.6017%)

Read2 before filtering:
total reads: 36539657
total bases: 5480948550
Q20 bases: 5385971551(98.2671%)
Q30 bases: 5228175332(95.3881%)

Merged and filtered:
total reads: 29730313
total bases: 842747437
Q20 bases: 839059832(99.5624%)
Q30 bases: 798291873(94.7249%)

Filtering result:
reads passed filter: 63849436
reads failed due to low quality: 387614
reads failed due to too many N: 956
reads failed due to too short: 2879244
reads failed due to too long: 5962064
reads with adapter trimmed: 64556702
bases trimmed due to adapters: 3973460252
reads corrected by overlap analysis: 1535486
bases corrected by overlap analysis: 1699846

Duplication rate: 23.149%

Insert size peak (evaluated by paired-end reads): 30

Read pairs merged: 29730313
% of original read pairs: 81.3645%
% in reads after filtering: 100%


JSON report: /home/shared/8TB_HDD_01/sam/gitrepos/RobertsLab/project-clam-oa/output/01.00-trimming-fastp-fastqc/376-fastp-adapters-polyG-31bp-merged.json
HTML report: /home/shared/8TB_HDD_01/sam/gitrepos/RobertsLab/project-clam-oa/output/01.00-trimming-fastp-fastqc/376-fastp-adapters-polyG-31bp-merged.html

/home/shared/fastp-v0.24.0/fastp --in1 376_R1_001.fastq.gz --in2 376_R2_001.fastq.gz --adapter_fasta /home/shared/8TB_HDD_01/sam/gitrepos/RobertsLab/project-clam-oa/output/01.00-trimming-fastp-fastqc/NEB-adapters.fasta --trim_poly_g --overlap_len_require 17 --length_limit 31 --merge --merged_out /home/shared/8TB_HDD_01/sam/gitrepos/RobertsLab/project-clam-oa/output/01.00-trimming-fastp-fastqc/376-fastp-adapters-polyG-31bp-merged.fq.gz --thread 40 --html /home/shared/8TB_HDD_01/sam/gitrepos/RobertsLab/project-clam-oa/output/01.00-trimming-fastp-fastqc/376-fastp-adapters-polyG-31bp-merged.html --json /home/shared/8TB_HDD_01/sam/gitrepos/RobertsLab/project-clam-oa/output/01.00-trimming-fastp-fastqc/376-fastp-adapters-polyG-31bp-merged.json --report_title /home/shared/8TB_HDD_01/sam/gitrepos/RobertsLab/project-clam-oa/output/01.00-trimming-fastp-fastqc/376-fastp-adapters-polyG-31bp-merged 
fastp v0.24.0, time used: 61 seconds
