WARNING: fastp uses up to 16 threads although you specified 40
Read1 before filtering:
total reads: 18956830
total bases: 2843524500
Q20 bases: 2517332020(88.5286%)
Q30 bases: 2027762099(71.3116%)

Read2 before filtering:
total reads: 18956830
total bases: 2843524500
Q20 bases: 2790525309(98.1361%)
Q30 bases: 2713152578(95.4151%)

Merged and filtered:
total reads: 14767871
total bases: 416350834
Q20 bases: 414347708(99.5189%)
Q30 bases: 395510731(94.9946%)

Filtering result:
reads passed filter: 32049314
reads failed due to low quality: 261780
reads failed due to too many N: 440
reads failed due to too short: 1695356
reads failed due to too long: 3906770
reads with adapter trimmed: 33048960
bases trimmed due to adapters: 1997550273
reads corrected by overlap analysis: 855998
bases corrected by overlap analysis: 956368

Duplication rate: 13.8096%

Insert size peak (evaluated by paired-end reads): 30

Read pairs merged: 14767871
% of original read pairs: 77.9026%
% in reads after filtering: 100%


JSON report: /home/shared/8TB_HDD_01/sam/gitrepos/RobertsLab/project-clam-oa/output/01.00-trimming-fastp-fastqc/460-fastp-adapters-polyG-31bp-merged.json
HTML report: /home/shared/8TB_HDD_01/sam/gitrepos/RobertsLab/project-clam-oa/output/01.00-trimming-fastp-fastqc/460-fastp-adapters-polyG-31bp-merged.html

/home/shared/fastp-v0.24.0/fastp --in1 460_R1_001.fastq.gz --in2 460_R2_001.fastq.gz --adapter_fasta /home/shared/8TB_HDD_01/sam/gitrepos/RobertsLab/project-clam-oa/output/01.00-trimming-fastp-fastqc/NEB-adapters.fasta --trim_poly_g --overlap_len_require 17 --length_limit 31 --merge --merged_out /home/shared/8TB_HDD_01/sam/gitrepos/RobertsLab/project-clam-oa/output/01.00-trimming-fastp-fastqc/460-fastp-adapters-polyG-31bp-merged.fq.gz --thread 40 --html /home/shared/8TB_HDD_01/sam/gitrepos/RobertsLab/project-clam-oa/output/01.00-trimming-fastp-fastqc/460-fastp-adapters-polyG-31bp-merged.html --json /home/shared/8TB_HDD_01/sam/gitrepos/RobertsLab/project-clam-oa/output/01.00-trimming-fastp-fastqc/460-fastp-adapters-polyG-31bp-merged.json --report_title /home/shared/8TB_HDD_01/sam/gitrepos/RobertsLab/project-clam-oa/output/01.00-trimming-fastp-fastqc/460-fastp-adapters-polyG-31bp-merged 
fastp v0.24.0, time used: 32 seconds
