WARNING: fastp uses up to 16 threads although you specified 40
Read1 before filtering:
total reads: 21953712
total bases: 3293056800
Q20 bases: 2864087391(86.9735%)
Q30 bases: 2254214154(68.4535%)

Read2 before filtering:
total reads: 21953712
total bases: 3293056800
Q20 bases: 3241990841(98.4493%)
Q30 bases: 3152866105(95.7428%)

Merged and filtered:
total reads: 18880938
total bases: 516289088
Q20 bases: 514012901(99.5591%)
Q30 bases: 488240777(94.5673%)

Filtering result:
reads passed filter: 39295512
reads failed due to low quality: 94510
reads failed due to too many N: 478
reads failed due to too short: 1182218
reads failed due to too long: 3334706
reads with adapter trimmed: 40805168
bases trimmed due to adapters: 2528595626
reads corrected by overlap analysis: 867856
bases corrected by overlap analysis: 978886

Duplication rate: 5.96706%

Insert size peak (evaluated by paired-end reads): 30

Read pairs merged: 18880938
% of original read pairs: 86.0034%
% in reads after filtering: 100%


JSON report: /home/shared/8TB_HDD_01/sam/gitrepos/RobertsLab/project-clam-oa/output/01.00-trimming-fastp-fastqc/71-fastp-adapters-polyG-31bp-merged.json
HTML report: /home/shared/8TB_HDD_01/sam/gitrepos/RobertsLab/project-clam-oa/output/01.00-trimming-fastp-fastqc/71-fastp-adapters-polyG-31bp-merged.html

/home/shared/fastp-v0.24.0/fastp --in1 71_R1_001.fastq.gz --in2 71_R2_001.fastq.gz --adapter_fasta /home/shared/8TB_HDD_01/sam/gitrepos/RobertsLab/project-clam-oa/output/01.00-trimming-fastp-fastqc/NEB-adapters.fasta --trim_poly_g --overlap_len_require 17 --length_limit 31 --merge --merged_out /home/shared/8TB_HDD_01/sam/gitrepos/RobertsLab/project-clam-oa/output/01.00-trimming-fastp-fastqc/71-fastp-adapters-polyG-31bp-merged.fq.gz --thread 40 --html /home/shared/8TB_HDD_01/sam/gitrepos/RobertsLab/project-clam-oa/output/01.00-trimming-fastp-fastqc/71-fastp-adapters-polyG-31bp-merged.html --json /home/shared/8TB_HDD_01/sam/gitrepos/RobertsLab/project-clam-oa/output/01.00-trimming-fastp-fastqc/71-fastp-adapters-polyG-31bp-merged.json --report_title /home/shared/8TB_HDD_01/sam/gitrepos/RobertsLab/project-clam-oa/output/01.00-trimming-fastp-fastqc/71-fastp-adapters-polyG-31bp-merged 
fastp v0.24.0, time used: 41 seconds
