WARNING: fastp uses up to 16 threads although you specified 40
Read1 before filtering:
total reads: 22568598
total bases: 3385289700
Q20 bases: 3009516671(88.8998%)
Q30 bases: 2424586183(71.6212%)

Read2 before filtering:
total reads: 22568598
total bases: 3385289700
Q20 bases: 3326394558(98.2603%)
Q30 bases: 3230505991(95.4278%)

Merged and filtered:
total reads: 18003518
total bases: 512941387
Q20 bases: 510624639(99.5483%)
Q30 bases: 485194051(94.5905%)

Filtering result:
reads passed filter: 38248348
reads failed due to low quality: 238182
reads failed due to too many N: 562
reads failed due to too short: 2194840
reads failed due to too long: 4455264
reads with adapter trimmed: 40122958
bases trimmed due to adapters: 2465495221
reads corrected by overlap analysis: 921368
bases corrected by overlap analysis: 1019941

Duplication rate: 16.6323%

Insert size peak (evaluated by paired-end reads): 30

Read pairs merged: 18003518
% of original read pairs: 79.7724%
% in reads after filtering: 100%


JSON report: /home/shared/8TB_HDD_01/sam/gitrepos/RobertsLab/project-clam-oa/output/01.00-trimming-fastp-fastqc/88-fastp-adapters-polyG-31bp-merged.json
HTML report: /home/shared/8TB_HDD_01/sam/gitrepos/RobertsLab/project-clam-oa/output/01.00-trimming-fastp-fastqc/88-fastp-adapters-polyG-31bp-merged.html

/home/shared/fastp-v0.24.0/fastp --in1 88_R1_001.fastq.gz --in2 88_R2_001.fastq.gz --adapter_fasta /home/shared/8TB_HDD_01/sam/gitrepos/RobertsLab/project-clam-oa/output/01.00-trimming-fastp-fastqc/NEB-adapters.fasta --trim_poly_g --overlap_len_require 17 --length_limit 31 --merge --merged_out /home/shared/8TB_HDD_01/sam/gitrepos/RobertsLab/project-clam-oa/output/01.00-trimming-fastp-fastqc/88-fastp-adapters-polyG-31bp-merged.fq.gz --thread 40 --html /home/shared/8TB_HDD_01/sam/gitrepos/RobertsLab/project-clam-oa/output/01.00-trimming-fastp-fastqc/88-fastp-adapters-polyG-31bp-merged.html --json /home/shared/8TB_HDD_01/sam/gitrepos/RobertsLab/project-clam-oa/output/01.00-trimming-fastp-fastqc/88-fastp-adapters-polyG-31bp-merged.json --report_title /home/shared/8TB_HDD_01/sam/gitrepos/RobertsLab/project-clam-oa/output/01.00-trimming-fastp-fastqc/88-fastp-adapters-polyG-31bp-merged 
fastp v0.24.0, time used: 38 seconds
